This is TeX, Version 3.14159 (C version 6.1) (format=latex 97.4.20)  16 JUL 1998 09:03
**contours.tex
(contours.tex
LaTeX2e <1996/12/01> patch level 1
Babel <v3.6h> and hyphenation patterns for american, german, loaded.

(/usr/lib/texmf/texmf/tex/latex/base/book.cls
Document Class: book 1996/10/31 v1.3u Standard LaTeX document class
(/usr/lib/texmf/texmf/tex/latex/base/bk10.clo
File: bk10.clo 1996/10/31 v1.3u Standard LaTeX file (size option)
)
\c@part=\count79
\c@chapter=\count80
\c@section=\count81
\c@subsection=\count82
\c@subsubsection=\count83
\c@paragraph=\count84
\c@subparagraph=\count85
\c@figure=\count86
\c@table=\count87
\abovecaptionskip=\skip41
\belowcaptionskip=\skip42
\bibindent=\dimen102
) (/usr/lib/texmf/texmf/tex/latex/base/fontenc.sty
Package: fontenc 1996/11/25 v1.8f Standard LaTeX package
(/usr/lib/texmf/texmf/tex/latex/base/t1enc.def
File: t1enc.def 1996/11/25 v1.8f Standard LaTeX file
LaTeX Font Info:    Redeclaring font encoding T1 on input line 81.
)) (/usr/lib/texmf/texmf/tex/generic/babel/babel.sty
Package: babel 1997/01/23 v3.6h The Babel package
(/usr/lib/texmf/texmf/tex/generic/babel/frenchb.ldf
File: frenchb.ldf 1997/01/11 v1.2a French support from the babel system
(/usr/lib/texmf/texmf/tex/generic/babel/babel.def
File: babel.def 1997/01/23 v3.6h Babel common definitions
\babel@savecnt=\count88
\U@D=\dimen103
)

Package babel Warning: No hyphenation patterns were loaded for
(babel)                the language `French'
(babel)                I will use the patterns loaded for \language=0 instead.

\l@french = a dialect from \language0
Package babel Info: Making : an active character on input line 160.
Package babel Info: Making ; an active character on input line 161.
Package babel Info: Making ! an active character on input line 162.
Package babel Info: Making ? an active character on input line 163.
)) (/usr/lib/texmf/texmf/tex/latex/graphics/graphics.sty
Package: graphics 1996/10/31 v1.0c Standard LaTeX Graphics (DPC,SPQR)
(/usr/lib/texmf/texmf/tex/latex/graphics/trig.sty
Package: trig 1994/10/16 v1.08 sin cos tan (DPC)
) (/usr/lib/texmf/texmf/tex/latex/config/graphics.cfg)
Package graphics Info: Driver file: dvips.def on input line 82.
(/usr/lib/texmf/texmf/tex/latex/graphics/dvips.def
File: dvips.def 1996/12/12 v3.0d Driver-dependant file (DPC,SPQR)
)) (/usr/lib/texmf/texmf/tex/latex/misc/subfigure.sty
Package: subfigure 1995/03/06 v2.0 subfigure package
Package: subfigure 1995/03/06 v2.0
\c@subfigure=\count89
\c@lofdepth=\count90
\c@subtable=\count91
\c@lotdepth=\count92
) (contours.aux)
LaTeX Font Info:    Checking defaults for OML/cmm/m/it on input line 26.
LaTeX Font Info:    ... okay on input line 26.
LaTeX Font Info:    Checking defaults for T1/cmr/m/n on input line 26.
LaTeX Font Info:    ... okay on input line 26.
LaTeX Font Info:    Checking defaults for OT1/cmr/m/n on input line 26.
LaTeX Font Info:    ... okay on input line 26.
LaTeX Font Info:    Checking defaults for OMS/cmsy/m/n on input line 26.
LaTeX Font Info:    ... okay on input line 26.
LaTeX Font Info:    Checking defaults for OMX/cmex/m/n on input line 26.
LaTeX Font Info:    ... okay on input line 26.
LaTeX Font Info:    Checking defaults for U/cmr/m/n on input line 26.
LaTeX Font Info:    ... okay on input line 26.
(contours.toc
LaTeX Font Info:    External font `cmex10' loaded for size
(Font)              <7> on input line 3.
LaTeX Font Info:    External font `cmex10' loaded for size
(Font)              <5> on input line 3.
)
\tf@toc=\write3
[1


] [2

]
Chapitre 1.
File: data/profile1img.eps Graphic file (type eps)
<data/profile1img.eps>
File: data/profile1.eps Graphic file (type eps)
<data/profile1.eps>
File: data/profile2img.eps Graphic file (type eps)
<data/profile2img.eps>
File: data/profile2.eps Graphic file (type eps)
<data/profile2.eps>
File: data/profile3img.eps Graphic file (type eps)
<data/profile3img.eps>
Underfull \hbox (badness 5787) in paragraph at lines 166--166
[]|\T1/cmr/m/n/8 (e) Ar-tic-u-la-tion Coxo-
 []

File: data/profile3.eps Graphic file (type eps)
<data/profile3.eps> [3] [4]
File: data/artx.eps Graphic file (type eps)
<data/artx.eps>
File: data/artxLap.eps Graphic file (type eps)
<data/artxLap.eps>
File: data/arty.eps Graphic file (type eps)
<data/arty.eps>
File: data/artyLap.eps Graphic file (type eps)
<data/artyLap.eps>
File: data/artz.eps Graphic file (type eps)
<data/artz.eps>
File: data/artzLap.eps Graphic file (type eps)
<data/artzLap.eps> [5] [6] [7]
File: data/echellon.eps Graphic file (type eps)
<data/echellon.eps>
File: data/sigmoide.eps Graphic file (type eps)
<data/sigmoide.eps> [8] [9]
File: LoG/LoG1D.eps Graphic file (type eps)
<LoG/LoG1D.eps>
File: LoG/LoG2D.eps Graphic file (type eps)
<LoG/LoG2D.eps>
File: LoG/LoG2DL.eps Graphic file (type eps)
<LoG/LoG2DL.eps>
File: LoG/LoG2Dx.eps Graphic file (type eps)
<LoG/LoG2Dx.eps>
File: LoG/LoG2Dy.eps Graphic file (type eps)
<LoG/LoG2Dy.eps> [10] [11] [12] [13] [14]
Overfull \hbox (23.69858pt too wide) has occurred while \output is active
\T1/cmr/m/sl/10 1.3.  LA PERFORMANCE DES M^^c9THODES DE D^^c9TECTION DE CONTOUR
S \T1/cmr/m/n/10 15
 []

[15]
File: data/FTSphere.eps Graphic file (type eps)
<data/FTSphere.eps> [16]
Overfull \hbox (23.69858pt too wide) has occurred while \output is active
\T1/cmr/m/sl/10 1.3.  LA PERFORMANCE DES M^^c9THODES DE D^^c9TECTION DE CONTOUR
S \T1/cmr/m/n/10 17
 []

[17]
Overfull \hbox (7.16766pt too wide) in paragraph at lines 3953--4034
[]\T1/cmr/m/n/10 La fig-ure (1.7[]) mon-tre la r^^e9ponse in-di-cielle pour not
re cas par-ti-c-uli^^e8re. L'^^e9chelle
 []

File: data/indicielle.eps Graphic file (type eps)
<data/indicielle.eps> [18]
Overfull \hbox (5.39032pt too wide) in paragraph at lines 4247--4281
[]\T1/cmr/m/n/10 En con-s^^e9quence, il r^^e9-sulte in-dis-pens-able d'in-tro-d
uire l'in-for-ma-tion anatomique
 []

[19] [20

] [21] [22] [23] (contours.aux)

 *File List*
    book.cls    1996/10/31 v1.3u Standard LaTeX document class
    bk10.clo    1996/10/31 v1.3u Standard LaTeX file (size option)
 fontenc.sty    1996/11/25 v1.8f Standard LaTeX package
   t1enc.def    1996/11/25 v1.8f Standard LaTeX file
   babel.sty    1997/01/23 v3.6h The Babel package
 frenchb.ldf    1997/01/11 v1.2a French support from the babel system
graphics.sty    1996/10/31 v1.0c Standard LaTeX Graphics (DPC,SPQR)
    trig.sty    1994/10/16 v1.08 sin cos tan (DPC)
graphics.cfg
   dvips.def    1996/12/12 v3.0d Driver-dependant file (DPC,SPQR)
subfigure.sty    1995/03/06 v2.0 subfigure package
data/profile1img.eps
data/profile1.eps
data/profile2img.eps
data/profile2.eps
data/profile3img.eps
data/profile3.eps
data/artx.eps
data/artxLap.eps
data/arty.eps
data/artyLap.eps
data/artz.eps
data/artzLap.eps
data/echellon.eps
data/sigmoide.eps
LoG/LoG1D.eps
LoG/LoG2D.eps
LoG/LoG2DL.eps
LoG/LoG2Dx.eps
LoG/LoG2Dy.eps
data/FTSphere.eps
data/indicielle.eps
 ***********

 ) 
Here is how much of TeX's memory you used:
 1217 strings out of 10906
 12973 string characters out of 72187
 63899 words of memory out of 262141
 3966 multiletter control sequences out of 9500
 14300 words of font info for 28 fonts, out of 150000 for 255
 14 hyphenation exceptions out of 607
 23i,18n,23p,186b,327s stack positions out of 300i,40n,60p,3000b,4000s

Output written on contours.dvi (23 pages, 66820 bytes).
